Vivado Simulator v2025.1.0
Copyright 1986-2022 Xilinx, Inc. All Rights Reserved.
Copyright 2022-2025 Advanced Micro Devices, Inc. All Rights Reserved.
Running: A:/Xilinx/2025.1/Vivado/bin/unwrapped/win64.o/xelab.exe --incr --debug typical --relax --mt 2 -L xil_defaultlib -L uvm -L unisims_ver -L unimacro_ver -L secureip --snapshot lab_07_tb_processor_system_behav xil_defaultlib.lab_07_tb_processor_system xil_defaultlib.glbl -log elaborate.log 
Using 2 slave threads.
Starting static elaboration
Pass Through NonSizing Optimizer
WARNING: [VRFC 10-3091] actual bit length 32 differs from formal bit length 1 for port 'carry_i' [A:/Documents/RISC-V_CPU_2/Lab5/Lab5.srcs/sources_1/imports/alu.sv:17]
Completed static elaboration
Starting simulation data flow analysis
WARNING: [XSIM 43-4099] "A:/Documents/RISC-V_CPU_2/Lab5/Lab5.srcs/sources_1/imports/decoder_pkg.sv" Line 11. Module decoder_pkg doesn't have a timescale but at least one module in design has a timescale.
WARNING: [XSIM 43-4099] "A:/Documents/RISC-V_CPU_2/Lab5/Lab5.srcs/sources_1/imports/decoder_pkg.sv" Line 11. Module decoder_pkg doesn't have a timescale but at least one module in design has a timescale.
WARNING: [XSIM 43-4099] "A:/Documents/RISC-V_CPU_2/Lab5/Lab5.srcs/sources_1/imports/alu_opcodes_pkg.sv" Line 11. Module alu_opcodes_pkg doesn't have a timescale but at least one module in design has a timescale.
WARNING: [XSIM 43-4099] "A:/Documents/RISC-V_CPU_2/Lab5/Lab5.srcs/sources_1/imports/alu_opcodes_pkg.sv" Line 11. Module alu_opcodes_pkg doesn't have a timescale but at least one module in design has a timescale.
WARNING: [XSIM 43-4099] "A:/Documents/RISC-V_CPU_2/Lab5/Lab5.srcs/sources_1/imports/csr_pkg.sv" Line 11. Module csr_pkg doesn't have a timescale but at least one module in design has a timescale.
WARNING: [XSIM 43-4099] "A:/Documents/RISC-V_CPU_2/Lab5/Lab5.srcs/sources_1/imports/csr_pkg.sv" Line 11. Module csr_pkg doesn't have a timescale but at least one module in design has a timescale.
Completed simulation data flow analysis
Time Resolution for simulation is 1ps
Compiling package xil_defaultlib.memory_pkg
Compiling package xil_defaultlib.decoder_pkg
Compiling package xil_defaultlib.alu_opcodes_pkg
Compiling package xil_defaultlib.csr_pkg
Compiling module xil_defaultlib.instr_mem
Compiling module xil_defaultlib.data_mem
Compiling module xil_defaultlib.lsu
Compiling module xil_defaultlib.decoder
Compiling module xil_defaultlib.register_file
Compiling module xil_defaultlib.fulladder
Compiling module xil_defaultlib.fulladder4
Compiling module xil_defaultlib.fulladder32
Compiling module xil_defaultlib.alu
Compiling module xil_defaultlib.processor_core
Compiling module xil_defaultlib.processor_system
Compiling module xil_defaultlib.lab_07_tb_processor_system
Compiling module xil_defaultlib.glbl
Built simulation snapshot lab_07_tb_processor_system_behav
