Vivado Simulator v2025.1.0
Copyright 1986-2022 Xilinx, Inc. All Rights Reserved.
Copyright 2022-2025 Advanced Micro Devices, Inc. All Rights Reserved.
Running: A:/Xilinx/2025.1/Vivado/bin/unwrapped/win64.o/xelab.exe --incr --debug typical --relax --mt 2 -L xil_defaultlib -L uvm -L unisims_ver -L unimacro_ver -L secureip --snapshot lab_16_tb_coremark_behav xil_defaultlib.lab_16_tb_coremark xil_defaultlib.glbl -log elaborate.log 
Using 2 slave threads.
Starting static elaboration
Pass Through NonSizing Optimizer
WARNING: [VRFC 10-3091] actual bit length 32 differs from formal bit length 4 for port 'div_i' [A:/Documents/RISC-V_CPU_2/Lab10/Lab10.srcs/sources_1/imports/processor_system.sv:34]
WARNING: [VRFC 10-3091] actual bit length 4 differs from formal bit length 3 for port 'csr_op_o' [A:/Documents/RISC-V_CPU_2/Lab10/Lab10.srcs/sources_1/imports/processor_core.sv:209]
WARNING: [VRFC 10-3091] actual bit length 32 differs from formal bit length 1 for port 'carry_i' [A:/Documents/RISC-V_CPU_2/Lab10/Lab10.srcs/sources_1/imports/alu.sv:17]
WARNING: [VRFC 10-3091] actual bit length 4 differs from formal bit length 3 for port 'opcode_i' [A:/Documents/RISC-V_CPU_2/Lab10/Lab10.srcs/sources_1/imports/processor_core.sv:240]
WARNING: [VRFC 10-3091] actual bit length 1 differs from formal bit length 32 for port 'read_data_o' [A:/Documents/RISC-V_CPU_2/Lab10/Lab10.srcs/sources_1/imports/processor_system.sv:258]
WARNING: [VRFC 10-3091] actual bit length 1 differs from formal bit length 2 for port 'stopbit_i' [A:/Documents/RISC-V_CPU_2/Lab10/Lab10.srcs/sources_1/imports/lab_16.tb_coremark.sv:76]
WARNING: [VRFC 10-3091] actual bit length 1 differs from formal bit length 2 for port 'stopbit_i' [A:/Documents/RISC-V_CPU_2/Lab10/Lab10.srcs/sources_1/imports/lab_16.tb_coremark.sv:88]
WARNING: [VRFC 10-5021] port 'sw_i' is not connected on this instance [A:/Documents/RISC-V_CPU_2/Lab10/Lab10.srcs/sources_1/imports/lab_16.tb_coremark.sv:62]
WARNING: [VRFC 10-3823] variable 'lsu_mem_ready' might have multiple concurrent drivers [A:/Documents/RISC-V_CPU_2/Lab10/Lab10.srcs/sources_1/imports/processor_system.sv:270]
Completed static elaboration
Starting simulation data flow analysis
WARNING: [XSIM 43-4099] "A:/Documents/RISC-V_CPU_2/Lab10/Lab10.srcs/sources_1/imports/alu_opcodes_pkg.sv" Line 11. Module alu_opcodes_pkg doesn't have a timescale but at least one module in design has a timescale.
WARNING: [XSIM 43-4099] "A:/Documents/RISC-V_CPU_2/Lab10/Lab10.srcs/sources_1/imports/alu_opcodes_pkg.sv" Line 11. Module alu_opcodes_pkg doesn't have a timescale but at least one module in design has a timescale.
Completed simulation data flow analysis
Time Resolution for simulation is 1ps
Compiling package xil_defaultlib.memory_pkg
Compiling package xil_defaultlib.bluster_pkg
Compiling package xil_defaultlib.decoder_pkg
Compiling package xil_defaultlib.alu_opcodes_pkg
Compiling package xil_defaultlib.csr_pkg
Compiling module unisims_ver.BUFG
Compiling module xil_defaultlib.sys_clk_rst_gen
Compiling module xil_defaultlib.rw_instr_mem
Compiling module xil_defaultlib.uart_rx
Compiling module xil_defaultlib.uart_tx
Compiling module xil_defaultlib.bluster
Compiling module xil_defaultlib.data_mem
Compiling module xil_defaultlib.lsu
Compiling module xil_defaultlib.decoder
Compiling module xil_defaultlib.register_file
Compiling module xil_defaultlib.fulladder
Compiling module xil_defaultlib.fulladder4
Compiling module xil_defaultlib.fulladder32
Compiling module xil_defaultlib.alu
Compiling module xil_defaultlib.csr_controller
Compiling module xil_defaultlib.daisy_chain
Compiling module xil_defaultlib.interrupt_controller
Compiling module xil_defaultlib.processor_core
Compiling module xil_defaultlib.sw_sb_ctrl
Compiling module xil_defaultlib.led_sb_ctrl
Compiling module xil_defaultlib.uart_tx_sb_ctrl
Compiling module xil_defaultlib.timer_sb_ctrl
Compiling module xil_defaultlib.processor_system
Compiling module xil_defaultlib.lab_16_tb_coremark
Compiling module xil_defaultlib.glbl
Built simulation snapshot lab_16_tb_coremark_behav
