INFO: [VRFC 10-2263] Analyzing SystemVerilog file "A:/Documents/RISC-V_CPU_2/Lab10/Lab10.srcs/sources_1/imports/alu_opcodes_pkg.sv" into library xil_defaultlib
INFO: [VRFC 10-2263] Analyzing SystemVerilog file "A:/Documents/RISC-V_CPU_2/Lab10/Lab10.srcs/sources_1/imports/alu.sv" into library xil_defaultlib
INFO: [VRFC 10-311] analyzing module alu
INFO: [VRFC 10-2263] Analyzing SystemVerilog file "A:/Documents/RISC-V_CPU_2/Lab10/Lab10.srcs/sources_1/imports/memory_pkg.sv" into library xil_defaultlib
INFO: [VRFC 10-2263] Analyzing SystemVerilog file "A:/Documents/RISC-V_CPU_2/Lab10/Lab10.srcs/sources_1/imports/bluster_pkg.sv" into library xil_defaultlib
INFO: [VRFC 10-2263] Analyzing SystemVerilog file "A:/Documents/RISC-V_CPU_2/Lab10/Lab10.srcs/sources_1/imports/bluster.sv" into library xil_defaultlib
INFO: [VRFC 10-311] analyzing module bluster
INFO: [VRFC 10-2263] Analyzing SystemVerilog file "A:/Documents/RISC-V_CPU_2/Lab10/Lab10.srcs/sources_1/imports/csr_pkg.sv" into library xil_defaultlib
INFO: [VRFC 10-2263] Analyzing SystemVerilog file "A:/Documents/RISC-V_CPU_2/Lab10/Lab10.srcs/sources_1/imports/csr_controller.sv" into library xil_defaultlib
INFO: [VRFC 10-311] analyzing module csr_controller
INFO: [VRFC 10-2263] Analyzing SystemVerilog file "A:/Documents/RISC-V_CPU_2/Lab10/Lab10.srcs/sources_1/imports/daisy_chain.sv" into library xil_defaultlib
INFO: [VRFC 10-311] analyzing module daisy_chain
INFO: [VRFC 10-2263] Analyzing SystemVerilog file "A:/Documents/RISC-V_CPU_2/Lab10/Lab10.srcs/sources_1/imports/data_mem.sv" into library xil_defaultlib
INFO: [VRFC 10-311] analyzing module data_mem
INFO: [VRFC 10-2263] Analyzing SystemVerilog file "A:/Documents/RISC-V_CPU_2/Lab10/Lab10.srcs/sources_1/imports/decoder_pkg.sv" into library xil_defaultlib
INFO: [VRFC 10-2263] Analyzing SystemVerilog file "A:/Documents/RISC-V_CPU_2/Lab10/Lab10.srcs/sources_1/imports/decoder.sv" into library xil_defaultlib
INFO: [VRFC 10-311] analyzing module decoder
INFO: [VRFC 10-2263] Analyzing SystemVerilog file "A:/Documents/RISC-V_CPU_2/Lab10/Lab10.srcs/sources_1/imports/fulladder.sv" into library xil_defaultlib
INFO: [VRFC 10-311] analyzing module fulladder
INFO: [VRFC 10-2263] Analyzing SystemVerilog file "A:/Documents/RISC-V_CPU_2/Lab10/Lab10.srcs/sources_1/imports/fulladder32.sv" into library xil_defaultlib
INFO: [VRFC 10-311] analyzing module fulladder32
INFO: [VRFC 10-2263] Analyzing SystemVerilog file "A:/Documents/RISC-V_CPU_2/Lab10/Lab10.srcs/sources_1/imports/fulladder4.sv" into library xil_defaultlib
INFO: [VRFC 10-311] analyzing module fulladder4
INFO: [VRFC 10-2263] Analyzing SystemVerilog file "A:/Documents/RISC-V_CPU_2/Lab10/Lab10.srcs/sources_1/imports/interrupt_controller.sv" into library xil_defaultlib
INFO: [VRFC 10-311] analyzing module interrupt_controller
INFO: [VRFC 10-2263] Analyzing SystemVerilog file "A:/Documents/RISC-V_CPU_2/Lab10/Lab10.srcs/sources_1/imports/led_sb_ctrl.sv" into library xil_defaultlib
INFO: [VRFC 10-311] analyzing module led_sb_ctrl
INFO: [VRFC 10-2263] Analyzing SystemVerilog file "A:/Documents/RISC-V_CPU_2/Lab10/Lab10.srcs/sources_1/imports/lsu.sv" into library xil_defaultlib
INFO: [VRFC 10-311] analyzing module lsu
INFO: [VRFC 10-2263] Analyzing SystemVerilog file "A:/Documents/RISC-V_CPU_2/Lab10/Lab10.srcs/sources_1/imports/processor_core.sv" into library xil_defaultlib
INFO: [VRFC 10-311] analyzing module processor_core
INFO: [VRFC 10-2263] Analyzing SystemVerilog file "A:/Documents/RISC-V_CPU_2/Lab10/Lab10.srcs/sources_1/imports/processor_system.sv" into library xil_defaultlib
INFO: [VRFC 10-311] analyzing module processor_system
INFO: [VRFC 10-2263] Analyzing SystemVerilog file "A:/Documents/RISC-V_CPU_2/Lab10/Lab10.srcs/sources_1/imports/register_file.sv" into library xil_defaultlib
INFO: [VRFC 10-311] analyzing module register_file
INFO: [VRFC 10-2263] Analyzing SystemVerilog file "A:/Documents/RISC-V_CPU_2/Lab10/Lab10.srcs/sources_1/imports/rw_instr_mem.sv" into library xil_defaultlib
INFO: [VRFC 10-311] analyzing module rw_instr_mem
INFO: [VRFC 10-2263] Analyzing SystemVerilog file "A:/Documents/RISC-V_CPU_2/Lab10/Lab10.srcs/sources_1/imports/sw_sb_ctrl.sv" into library xil_defaultlib
WARNING: [VRFC 10-2502] extra semicolon in $unit (global) scope [A:/Documents/RISC-V_CPU_2/Lab10/Lab10.srcs/sources_1/imports/sw_sb_ctrl.sv:1]
INFO: [VRFC 10-311] analyzing module sw_sb_ctrl
INFO: [VRFC 10-2263] Analyzing SystemVerilog file "A:/Documents/RISC-V_CPU_2/Lab10/Lab10.srcs/sources_1/imports/sys_clk_rst_gen.sv" into library xil_defaultlib
INFO: [VRFC 10-311] analyzing module sys_clk_rst_gen
INFO: [VRFC 10-2263] Analyzing SystemVerilog file "A:/Documents/RISC-V_CPU_2/Lab10/Lab10.srcs/sources_1/imports/timer_sb_ctrl.sv" into library xil_defaultlib
INFO: [VRFC 10-311] analyzing module timer_sb_ctrl
INFO: [VRFC 10-2263] Analyzing SystemVerilog file "A:/Documents/RISC-V_CPU_2/Lab10/Lab10.srcs/sources_1/imports/uart_rx.sv" into library xil_defaultlib
INFO: [VRFC 10-311] analyzing module uart_rx
INFO: [VRFC 10-2263] Analyzing SystemVerilog file "A:/Documents/RISC-V_CPU_2/Lab10/Lab10.srcs/sources_1/imports/uart_tx.sv" into library xil_defaultlib
INFO: [VRFC 10-311] analyzing module uart_tx
INFO: [VRFC 10-2263] Analyzing SystemVerilog file "A:/Documents/RISC-V_CPU_2/Lab10/Lab10.srcs/sources_1/imports/uart_tx_sb_ctrl.sv" into library xil_defaultlib
INFO: [VRFC 10-311] analyzing module uart_tx_sb_ctrl
INFO: [VRFC 10-2263] Analyzing SystemVerilog file "A:/Documents/RISC-V_CPU_2/Lab10/Lab10.srcs/sources_1/imports/lab_16.tb_coremark.sv" into library xil_defaultlib
INFO: [VRFC 10-311] analyzing module lab_16_tb_coremark
WARNING: [VRFC 10-3824] variable 'str' must explicitly be declared as automatic or static [A:/Documents/RISC-V_CPU_2/Lab10/Lab10.srcs/sources_1/imports/lab_16.tb_coremark.sv:140]
