#-----------------------------------------------------------
# Vivado v2025.1 (64-bit)
# SW Build 6140274 on Thu May 22 00:12:29 MDT 2025
# IP Build 6138677 on Thu May 22 03:10:11 MDT 2025
# SharedData Build 6139179 on Tue May 20 17:58:58 MDT 2025
# Start of session at: Sun Jun 14 19:01:14 2026
# Process ID         : 4380
# Current directory  : A:/Documents/RISC-V_CPU_2/Lab10
# Command line       : vivado.exe -gui_launcher_event rodinguilauncherevent3544 A:\Documents\RISC-V_CPU_2\Lab10\Lab10.xpr
# Log file           : A:/Documents/RISC-V_CPU_2/Lab10/vivado.log
# Journal file       : A:/Documents/RISC-V_CPU_2/Lab10\vivado.jou
# Running On         : DESKTOP-U21PP17
# Platform           : Windows Server 2016 or Windows 10
# Operating System   : 26200
# Processor Detail   : Intel(R) Core(TM) Ultra 5 225H
# CPU Frequency      : 3686 MHz
# CPU Physical cores : 14
# CPU Logical cores  : 14
# Host memory        : 16574 MB
# Swap memory        : 1073 MB
# Total Virtual      : 17648 MB
# Available Virtual  : 10099 MB
#-----------------------------------------------------------
start_gui
open_project A:/Documents/RISC-V_CPU_2/Lab10/Lab10.xpr
WARNING: [Board 49-26] cannot add Board Part xilinx.com:emb-plus-vpr-4616:part0:1.0 available at A:/Xilinx/2025.1/data/xhub/boards\XilinxBoardStore\boards\Xilinx\emb-plus-vpr-4616\1.0\board.xml as part xcve2302-sfva784-2mp-e-s specified in board_part file is either invalid or not available
WARNING: [Board 49-26] cannot add Board Part xilinx.com:emb-plus-vpr-4616:part0:1.1 available at A:/Xilinx/2025.1/data/xhub/boards\XilinxBoardStore\boards\Xilinx\emb-plus-vpr-4616\1.1\board.xml as part xcve2302-sfva784-2mp-e-s specified in board_part file is either invalid or not available
WARNING: [Board 49-26] cannot add Board Part xilinx.com:k24c:part0:1.0 available at A:/Xilinx/2025.1/data/xhub/boards\XilinxBoardStore\boards\Xilinx\k24c\1.0\board.xml as part xck24-ubva530-2lv-c specified in board_part file is either invalid or not available
WARNING: [Board 49-26] cannot add Board Part xilinx.com:k24c:part0:1.1 available at A:/Xilinx/2025.1/data/xhub/boards\XilinxBoardStore\boards\Xilinx\k24c\1.1\board.xml as part xck24-ubva530-2lv-c specified in board_part file is either invalid or not available
WARNING: [Board 49-26] cannot add Board Part xilinx.com:k24i:part0:1.0 available at A:/Xilinx/2025.1/data/xhub/boards\XilinxBoardStore\boards\Xilinx\k24i\1.0\board.xml as part xck24-ubva530-2lvi-i specified in board_part file is either invalid or not available
WARNING: [Board 49-26] cannot add Board Part xilinx.com:k26c:part0:1.2 available at A:/Xilinx/2025.1/data/xhub/boards\XilinxBoardStore\boards\Xilinx\k26c\1.2\board.xml as part xck26-sfvc784-2lv-c specified in board_part file is either invalid or not available
WARNING: [Board 49-26] cannot add Board Part xilinx.com:k26c:part0:1.3 available at A:/Xilinx/2025.1/data/xhub/boards\XilinxBoardStore\boards\Xilinx\k26c\1.3\board.xml as part xck26-sfvc784-2lv-c specified in board_part file is either invalid or not available
WARNING: [Board 49-26] cannot add Board Part xilinx.com:k26c:part0:1.4 available at A:/Xilinx/2025.1/data/xhub/boards\XilinxBoardStore\boards\Xilinx\k26c\1.4\board.xml as part xck26-sfvc784-2lv-c specified in board_part file is either invalid or not available
WARNING: [Board 49-26] cannot add Board Part xilinx.com:k26i:part0:1.2 available at A:/Xilinx/2025.1/data/xhub/boards\XilinxBoardStore\boards\Xilinx\k26i\1.2\board.xml as part xck26-sfvc784-2lvi-i specified in board_part file is either invalid or not available
WARNING: [Board 49-26] cannot add Board Part xilinx.com:k26i:part0:1.3 available at A:/Xilinx/2025.1/data/xhub/boards\XilinxBoardStore\boards\Xilinx\k26i\1.3\board.xml as part xck26-sfvc784-2lvi-i specified in board_part file is either invalid or not available
WARNING: [Board 49-26] cannot add Board Part xilinx.com:k26i:part0:1.4 available at A:/Xilinx/2025.1/data/xhub/boards\XilinxBoardStore\boards\Xilinx\k26i\1.4\board.xml as part xck26-sfvc784-2lvi-i specified in board_part file is either invalid or not available
WARNING: [Board 49-26] cannot add Board Part xilinx.com:kcu105:part0:1.6 available at A:/Xilinx/2025.1/data/xhub/boards\XilinxBoardStore\boards\Xilinx\kcu105\1.6\board.xml as part xcku040-ffva1156-2-e specified in board_part file is either invalid or not available
WARNING: [Board 49-26] cannot add Board Part xilinx.com:kcu105:part0:1.7 available at A:/Xilinx/2025.1/data/xhub/boards\XilinxBoardStore\boards\Xilinx\kcu105\1.7\board.xml as part xcku040-ffva1156-2-e specified in board_part file is either invalid or not available
WARNING: [Board 49-26] cannot add Board Part xilinx.com:kcu116:part0:1.4 available at A:/Xilinx/2025.1/data/xhub/boards\XilinxBoardStore\boards\Xilinx\kcu116\1.4\board.xml as part xcku5p-ffvb676-2-e specified in board_part file is either invalid or not available
WARNING: [Board 49-26] cannot add Board Part xilinx.com:kcu116:part0:1.5 available at A:/Xilinx/2025.1/data/xhub/boards\XilinxBoardStore\boards\Xilinx\kcu116\1.5\board.xml as part xcku5p-ffvb676-2-e specified in board_part file is either invalid or not available
WARNING: [Board 49-26] cannot add Board Part xilinx.com:kcu1500:part0:1.2 available at A:/Xilinx/2025.1/data/xhub/boards\XilinxBoardStore\boards\Xilinx\kcu1500\1.2\board.xml as part xcku115-flvb2104-2-e specified in board_part file is either invalid or not available
WARNING: [Board 49-26] cannot add Board Part xilinx.com:kd240_som:part0:1.0 available at A:/Xilinx/2025.1/data/xhub/boards\XilinxBoardStore\boards\Xilinx\kd240_som\1.0\board.xml as part xck24-ubva530-2lv-c specified in board_part file is either invalid or not available
WARNING: [Board 49-26] cannot add Board Part xilinx.com:kd240_som:part0:1.1 available at A:/Xilinx/2025.1/data/xhub/boards\XilinxBoardStore\boards\Xilinx\kd240_som\1.1\board.xml as part xck24-ubva530-2lv-c specified in board_part file is either invalid or not available
WARNING: [Board 49-26] cannot add Board Part xilinx.com:kr260_som:part0:1.0 available at A:/Xilinx/2025.1/data/xhub/boards\XilinxBoardStore\boards\Xilinx\kr260_som\1.0\board.xml as part xck26-sfvc784-2lv-c specified in board_part file is either invalid or not available
WARNING: [Board 49-26] cannot add Board Part xilinx.com:kr260_som:part0:1.1 available at A:/Xilinx/2025.1/data/xhub/boards\XilinxBoardStore\boards\Xilinx\kr260_som\1.1\board.xml as part xck26-sfvc784-2lv-c specified in board_part file is either invalid or not available
WARNING: [Board 49-26] cannot add Board Part xilinx.com:kv260_som:part0:1.2 available at A:/Xilinx/2025.1/data/xhub/boards\XilinxBoardStore\boards\Xilinx\kv260_som\1.2\board.xml as part xck26-sfvc784-2lv-c specified in board_part file is either invalid or not available
WARNING: [Board 49-26] cannot add Board Part xilinx.com:kv260_som:part0:1.3 available at A:/Xilinx/2025.1/data/xhub/boards\XilinxBoardStore\boards\Xilinx\kv260_som\1.3\board.xml as part xck26-sfvc784-2lv-c specified in board_part file is either invalid or not available
WARNING: [Board 49-26] cannot add Board Part xilinx.com:kv260_som:part0:1.4 available at A:/Xilinx/2025.1/data/xhub/boards\XilinxBoardStore\boards\Xilinx\kv260_som\1.4\board.xml as part xck26-sfvc784-2lv-c specified in board_part file is either invalid or not available
WARNING: [Board 49-26] cannot add Board Part xilinx.com:scu35:part0:1.0 available at A:/Xilinx/2025.1/data/xhub/boards\XilinxBoardStore\boards\Xilinx\scu35\1.0\board.xml as part xcsu35p-sbvb625-2-e specified in board_part file is either invalid or not available
WARNING: [Board 49-26] cannot add Board Part xilinx.com:v80:part0:1.0 available at A:/Xilinx/2025.1/data/xhub/boards\XilinxBoardStore\boards\Xilinx\v80\1.0\board.xml as part xcv80-lsva4737-2mhp-e-s specified in board_part file is either invalid or not available
WARNING: [Board 49-26] cannot add Board Part xilinx.com:vck190:part0:2.2 available at A:/Xilinx/2025.1/data/xhub/boards\XilinxBoardStore\boards\Xilinx\vck190\production\2.2\board.xml as part xcvc1902-vsva2197-2mp-e-s specified in board_part file is either invalid or not available
WARNING: [Board 49-26] cannot add Board Part xilinx.com:vck190:part0:3.0 available at A:/Xilinx/2025.1/data/xhub/boards\XilinxBoardStore\boards\Xilinx\vck190\production\3.0\board.xml as part xcvc1902-vsva2197-2mp-e-s specified in board_part file is either invalid or not available
WARNING: [Board 49-26] cannot add Board Part xilinx.com:vck190:part0:3.1 available at A:/Xilinx/2025.1/data/xhub/boards\XilinxBoardStore\boards\Xilinx\vck190\production\3.1\board.xml as part xcvc1902-vsva2197-2mp-e-s specified in board_part file is either invalid or not available
WARNING: [Board 49-26] cannot add Board Part xilinx.com:vck190:part0:3.2 available at A:/Xilinx/2025.1/data/xhub/boards\XilinxBoardStore\boards\Xilinx\vck190\production\3.2\board.xml as part xcvc1902-vsva2197-2mp-e-s specified in board_part file is either invalid or not available
WARNING: [Board 49-26] cannot add Board Part xilinx.com:vck190:part0:3.3 available at A:/Xilinx/2025.1/data/xhub/boards\XilinxBoardStore\boards\Xilinx\vck190\production\3.3\board.xml as part xcvc1902-vsva2197-2mp-e-s specified in board_part file is either invalid or not available
WARNING: [Board 49-26] cannot add Board Part xilinx.com:vck190:part0:3.4 available at A:/Xilinx/2025.1/data/xhub/boards\XilinxBoardStore\boards\Xilinx\vck190\production\3.4\board.xml as part xcvc1902-vsva2197-2mp-e-s specified in board_part file is either invalid or not available
WARNING: [Board 49-26] cannot add Board Part xilinx.com:vck190_newl:part0:1.0 available at A:/Xilinx/2025.1/data/xhub/boards\XilinxBoardStore\boards\Xilinx\vck190_newl\production\1.0\board.xml as part xcvc1902-vsva2197-2mp-e-s specified in board_part file is either invalid or not available
WARNING: [Board 49-26] cannot add Board Part xilinx.com:vck190_newl:part0:1.1 available at A:/Xilinx/2025.1/data/xhub/boards\XilinxBoardStore\boards\Xilinx\vck190_newl\production\1.1\board.xml as part xcvc1902-vsva2197-2mp-e-s specified in board_part file is either invalid or not available
WARNING: [Board 49-26] cannot add Board Part xilinx.com:vck190_newl:part0:1.2 available at A:/Xilinx/2025.1/data/xhub/boards\XilinxBoardStore\boards\Xilinx\vck190_newl\production\1.2\board.xml as part xcvc1902-vsva2197-2mp-e-s specified in board_part file is either invalid or not available
WARNING: [Board 49-26] cannot add Board Part xilinx.com:vck190_newl:part0:1.3 available at A:/Xilinx/2025.1/data/xhub/boards\XilinxBoardStore\boards\Xilinx\vck190_newl\production\1.3\board.xml as part xcvc1902-vsva2197-2mp-e-s specified in board_part file is either invalid or not available
WARNING: [Board 49-26] cannot add Board Part xilinx.com:vcu108:part0:1.6 available at A:/Xilinx/2025.1/data/xhub/boards\XilinxBoardStore\boards\Xilinx\vcu108\1.6\board.xml as part xcvu095-ffva2104-2-e specified in board_part file is either invalid or not available
WARNING: [Board 49-26] cannot add Board Part xilinx.com:vcu108:part0:1.7 available at A:/Xilinx/2025.1/data/xhub/boards\XilinxBoardStore\boards\Xilinx\vcu108\1.7\board.xml as part xcvu095-ffva2104-2-e specified in board_part file is either invalid or not available
WARNING: [Board 49-26] cannot add Board Part xilinx.com:vcu110:part0:1.4 available at A:/Xilinx/2025.1/data/xhub/boards\XilinxBoardStore\boards\Xilinx\vcu110\1.4\board.xml as part xcvu190-flgc2104-2-e specified in board_part file is either invalid or not available
WARNING: [Board 49-26] cannot add Board Part xilinx.com:vcu118:part0:2.0 available at A:/Xilinx/2025.1/data/xhub/boards\XilinxBoardStore\boards\Xilinx\vcu118\2.0\board.xml as part xcvu9p-flga2104-2l-e specified in board_part file is either invalid or not available
WARNING: [Board 49-26] cannot add Board Part xilinx.com:vcu118:part0:2.3 available at A:/Xilinx/2025.1/data/xhub/boards\XilinxBoardStore\boards\Xilinx\vcu118\2.3\board.xml as part xcvu9p-flga2104-2l-e specified in board_part file is either invalid or not available
WARNING: [Board 49-26] cannot add Board Part xilinx.com:vcu118:part0:2.4 available at A:/Xilinx/2025.1/data/xhub/boards\XilinxBoardStore\boards\Xilinx\vcu118\2.4\board.xml as part xcvu9p-flga2104-2l-e specified in board_part file is either invalid or not available
WARNING: [Board 49-26] cannot add Board Part xilinx.com:vcu128:part0:1.0 available at A:/Xilinx/2025.1/data/xhub/boards\XilinxBoardStore\boards\Xilinx\vcu128\production\1.0\board.xml as part xcvu37p-fsvh2892-2l-e specified in board_part file is either invalid or not available
WARNING: [Board 49-26] cannot add Board Part xilinx.com:vcu129:part0:1.0 available at A:/Xilinx/2025.1/data/xhub/boards\XilinxBoardStore\boards\Xilinx\vcu129\production\1.0\board.xml as part xcvu29p-fsga2577-2l-e specified in board_part file is either invalid or not available
WARNING: [Board 49-26] cannot add Board Part xilinx.com:vcu1525:part0:1.3 available at A:/Xilinx/2025.1/data/xhub/boards\XilinxBoardStore\boards\Xilinx\vcu1525\1.3\board.xml as part xcvu9p-fsgd2104-2l-e specified in board_part file is either invalid or not available
WARNING: [Board 49-26] cannot add Board Part xilinx.com:vek280:part0:1.0 available at A:/Xilinx/2025.1/data/xhub/boards\XilinxBoardStore\boards\Xilinx\vek280\production\1.0\board.xml as part xcve2802-vsvh1760-2mp-e-s specified in board_part file is either invalid or not available
WARNING: [Board 49-26] cannot add Board Part xilinx.com:vek280:part0:1.1 available at A:/Xilinx/2025.1/data/xhub/boards\XilinxBoardStore\boards\Xilinx\vek280\production\1.1\board.xml as part xcve2802-vsvh1760-2mp-e-s specified in board_part file is either invalid or not available
WARNING: [Board 49-26] cannot add Board Part xilinx.com:vek280:part0:1.2 available at A:/Xilinx/2025.1/data/xhub/boards\XilinxBoardStore\boards\Xilinx\vek280\production\1.2\board.xml as part xcve2802-vsvh1760-2mp-e-s specified in board_part file is either invalid or not available
WARNING: [Board 49-26] cannot add Board Part xilinx.com:vek385:part0:1.0 available at A:/Xilinx/2025.1/data/xhub/boards\XilinxBoardStore\boards\Xilinx\vek385\1.0\board.xml as part xc2ve3858-ssva2112-2mp-e-s specified in board_part file is either invalid or not available
WARNING: [Board 49-26] cannot add Board Part xilinx.com:vermeo_t1_mpsoc:part0:1.0 available at A:/Xilinx/2025.1/data/xhub/boards\XilinxBoardStore\boards\Xilinx\vermeo_t1_mpsoc\1.0\board.xml as part xczu19eg-ffvd1760-2l-e specified in board_part file is either invalid or not available
WARNING: [Board 49-26] cannot add Board Part xilinx.com:vermeo_t1_rfsoc:part0:1.0 available at A:/Xilinx/2025.1/data/xhub/boards\XilinxBoardStore\boards\Xilinx\vermeo_t1_rfsoc\1.0\board.xml as part xczu21dr-ffvd1156-2l-e specified in board_part file is either invalid or not available
WARNING: [Board 49-26] cannot add Board Part xilinx.com:vhk158:part0:1.0 available at A:/Xilinx/2025.1/data/xhub/boards\XilinxBoardStore\boards\Xilinx\vhk158\production\1.0\board.xml as part xcvh1582-vsva3697-2mp-e-s specified in board_part file is either invalid or not available
WARNING: [Board 49-26] cannot add Board Part xilinx.com:vhk158:part0:1.1 available at A:/Xilinx/2025.1/data/xhub/boards\XilinxBoardStore\boards\Xilinx\vhk158\production\1.1\board.xml as part xcvh1582-vsva3697-2mp-e-s specified in board_part file is either invalid or not available
WARNING: [Board 49-26] cannot add Board Part xilinx.com:vhk158:part0:1.2 available at A:/Xilinx/2025.1/data/xhub/boards\XilinxBoardStore\boards\Xilinx\vhk158\production\1.2\board.xml as part xcvh1582-vsva3697-2mp-e-s specified in board_part file is either invalid or not available
WARNING: [Board 49-26] cannot add Board Part xilinx.com:vmk180:part0:2.2 available at A:/Xilinx/2025.1/data/xhub/boards\XilinxBoardStore\boards\Xilinx\vmk180\production\2.2\board.xml as part xcvm1802-vsva2197-2mp-e-s specified in board_part file is either invalid or not available
WARNING: [Board 49-26] cannot add Board Part xilinx.com:vmk180:part0:3.0 available at A:/Xilinx/2025.1/data/xhub/boards\XilinxBoardStore\boards\Xilinx\vmk180\production\3.0\board.xml as part xcvm1802-vsva2197-2mp-e-s specified in board_part file is either invalid or not available
WARNING: [Board 49-26] cannot add Board Part xilinx.com:vmk180:part0:3.1 available at A:/Xilinx/2025.1/data/xhub/boards\XilinxBoardStore\boards\Xilinx\vmk180\production\3.1\board.xml as part xcvm1802-vsva2197-2mp-e-s specified in board_part file is either invalid or not available
WARNING: [Board 49-26] cannot add Board Part xilinx.com:vmk180:part0:3.2 available at A:/Xilinx/2025.1/data/xhub/boards\XilinxBoardStore\boards\Xilinx\vmk180\production\3.2\board.xml as part xcvm1802-vsva2197-2mp-e-s specified in board_part file is either invalid or not available
WARNING: [Board 49-26] cannot add Board Part xilinx.com:vmk180:part0:3.3 available at A:/Xilinx/2025.1/data/xhub/boards\XilinxBoardStore\boards\Xilinx\vmk180\production\3.3\board.xml as part xcvm1802-vsva2197-2mp-e-s specified in board_part file is either invalid or not available
WARNING: [Board 49-26] cannot add Board Part xilinx.com:vmk180_newl:part0:1.0 available at A:/Xilinx/2025.1/data/xhub/boards\XilinxBoardStore\boards\Xilinx\vmk180_newl\production\1.0\board.xml as part xcvm1802-vsva2197-2mp-e-s specified in board_part file is either invalid or not available
WARNING: [Board 49-26] cannot add Board Part xilinx.com:vmk180_newl:part0:1.1 available at A:/Xilinx/2025.1/data/xhub/boards\XilinxBoardStore\boards\Xilinx\vmk180_newl\production\1.1\board.xml as part xcvm1802-vsva2197-2mp-e-s specified in board_part file is either invalid or not available
WARNING: [Board 49-26] cannot add Board Part xilinx.com:vpk120:part0:1.0 available at A:/Xilinx/2025.1/data/xhub/boards\XilinxBoardStore\boards\Xilinx\vpk120\production\1.0\board.xml as part xcvp1202-vsva2785-2mp-e-s specified in board_part file is either invalid or not available
WARNING: [Board 49-26] cannot add Board Part xilinx.com:vpk120:part0:1.1 available at A:/Xilinx/2025.1/data/xhub/boards\XilinxBoardStore\boards\Xilinx\vpk120\production\1.1\board.xml as part xcvp1202-vsva2785-2mp-e-s specified in board_part file is either invalid or not available
WARNING: [Board 49-26] cannot add Board Part xilinx.com:vpk120:part0:1.2 available at A:/Xilinx/2025.1/data/xhub/boards\XilinxBoardStore\boards\Xilinx\vpk120\production\1.2\board.xml as part xcvp1202-vsva2785-2mp-e-s specified in board_part file is either invalid or not available
WARNING: [Board 49-26] cannot add Board Part xilinx.com:vpk180:part0:1.0 available at A:/Xilinx/2025.1/data/xhub/boards\XilinxBoardStore\boards\Xilinx\vpk180\production\1.0\board.xml as part xcvp1802-lsvc4072-2mp-e-s specified in board_part file is either invalid or not available
WARNING: [Board 49-26] cannot add Board Part xilinx.com:vpk180:part0:1.1 available at A:/Xilinx/2025.1/data/xhub/boards\XilinxBoardStore\boards\Xilinx\vpk180\production\1.1\board.xml as part xcvp1802-lsvc4072-2mp-e-s specified in board_part file is either invalid or not available
WARNING: [Board 49-26] cannot add Board Part xilinx.com:vpk180:part0:1.2 available at A:/Xilinx/2025.1/data/xhub/boards\XilinxBoardStore\boards\Xilinx\vpk180\production\1.2\board.xml as part xcvp1802-lsvc4072-2mp-e-s specified in board_part file is either invalid or not available
WARNING: [Board 49-26] cannot add Board Part xilinx.com:zc702:part0:1.4 available at A:/Xilinx/2025.1/data/xhub/boards\XilinxBoardStore\boards\Xilinx\zc702\1.4\board.xml as part xc7z020clg484-1 specified in board_part file is either invalid or not available
WARNING: [Board 49-26] cannot add Board Part xilinx.com:zc706:part0:1.4 available at A:/Xilinx/2025.1/data/xhub/boards\XilinxBoardStore\boards\Xilinx\zc706\1.4\board.xml as part xc7z045ffg900-2 specified in board_part file is either invalid or not available
WARNING: [Board 49-26] cannot add Board Part xilinx.com:zcu102:part0:3.3 available at A:/Xilinx/2025.1/data/xhub/boards\XilinxBoardStore\boards\Xilinx\zcu102\3.3\board.xml as part xczu9eg-ffvb1156-2-e specified in board_part file is either invalid or not available
WARNING: [Board 49-26] cannot add Board Part xilinx.com:zcu102:part0:3.4 available at A:/Xilinx/2025.1/data/xhub/boards\XilinxBoardStore\boards\Xilinx\zcu102\3.4\board.xml as part xczu9eg-ffvb1156-2-e specified in board_part file is either invalid or not available
WARNING: [Board 49-26] cannot add Board Part xilinx.com:zcu104:part0:1.1 available at A:/Xilinx/2025.1/data/xhub/boards\XilinxBoardStore\boards\Xilinx\zcu104\1.1\board.xml as part xczu7ev-ffvc1156-2-e specified in board_part file is either invalid or not available
WARNING: [Board 49-26] cannot add Board Part xilinx.com:zcu106:part0:2.4 available at A:/Xilinx/2025.1/data/xhub/boards\XilinxBoardStore\boards\Xilinx\zcu106\2.4\board.xml as part xczu7ev-ffvc1156-2-e specified in board_part file is either invalid or not available
WARNING: [Board 49-26] cannot add Board Part xilinx.com:zcu106:part0:2.5 available at A:/Xilinx/2025.1/data/xhub/boards\XilinxBoardStore\boards\Xilinx\zcu106\2.5\board.xml as part xczu7ev-ffvc1156-2-e specified in board_part file is either invalid or not available
WARNING: [Board 49-26] cannot add Board Part xilinx.com:zcu106:part0:2.6 available at A:/Xilinx/2025.1/data/xhub/boards\XilinxBoardStore\boards\Xilinx\zcu106\2.6\board.xml as part xczu7ev-ffvc1156-2-e specified in board_part file is either invalid or not available
WARNING: [Board 49-26] cannot add Board Part xilinx.com:zcu111:part0:1.2 available at A:/Xilinx/2025.1/data/xhub/boards\XilinxBoardStore\boards\Xilinx\zcu111\1.2\board.xml as part xczu28dr-ffvg1517-2-e specified in board_part file is either invalid or not available
WARNING: [Board 49-26] cannot add Board Part xilinx.com:zcu111:part0:1.3 available at A:/Xilinx/2025.1/data/xhub/boards\XilinxBoardStore\boards\Xilinx\zcu111\1.3\board.xml as part xczu28dr-ffvg1517-2-e specified in board_part file is either invalid or not available
WARNING: [Board 49-26] cannot add Board Part xilinx.com:zcu111:part0:1.4 available at A:/Xilinx/2025.1/data/xhub/boards\XilinxBoardStore\boards\Xilinx\zcu111\1.4\board.xml as part xczu28dr-ffvg1517-2-e specified in board_part file is either invalid or not available
WARNING: [Board 49-26] cannot add Board Part xilinx.com:zcu1275:part0:1.0 available at A:/Xilinx/2025.1/data/xhub/boards\XilinxBoardStore\boards\Xilinx\zcu1275\1.0\board.xml as part xczu29dr-ffvf1760-2-e specified in board_part file is either invalid or not available
WARNING: [Board 49-26] cannot add Board Part xilinx.com:zcu1285:part0:1.0 available at A:/Xilinx/2025.1/data/xhub/boards\XilinxBoardStore\boards\Xilinx\zcu1285\1.0\board.xml as part xczu39dr-ffvf1760-2-i specified in board_part file is either invalid or not available
WARNING: [Board 49-26] cannot add Board Part xilinx.com:zcu208:part0:2.0 available at A:/Xilinx/2025.1/data/xhub/boards\XilinxBoardStore\boards\Xilinx\zcu208\production\2.0\board.xml as part xczu48dr-fsvg1517-2-e specified in board_part file is either invalid or not available
WARNING: [Board 49-26] cannot add Board Part xilinx.com:zcu208ld:part0:2.0 available at A:/Xilinx/2025.1/data/xhub/boards\XilinxBoardStore\boards\Xilinx\zcu208ld\production\2.0\board.xml as part xczu58dr-fsvg1517-2-i specified in board_part file is either invalid or not available
WARNING: [Board 49-26] cannot add Board Part xilinx.com:zcu216:part0:2.0 available at A:/Xilinx/2025.1/data/xhub/boards\XilinxBoardStore\boards\Xilinx\zcu216\production\2.0\board.xml as part xczu49dr-ffvf1760-2-e specified in board_part file is either invalid or not available
WARNING: [Board 49-26] cannot add Board Part xilinx.com:zcu216ld:part0:2.0 available at A:/Xilinx/2025.1/data/xhub/boards\XilinxBoardStore\boards\Xilinx\zcu216ld\production\2.0\board.xml as part xczu59dr-ffvf1760-2-i specified in board_part file is either invalid or not available
WARNING: [Board 49-26] cannot add Board Part xilinx.com:zcu670:part0:2.0 available at A:/Xilinx/2025.1/data/xhub/boards\XilinxBoardStore\boards\Xilinx\zcu670\2.0\board.xml as part xczu67dr-fsve1156-2-i specified in board_part file is either invalid or not available
WARNING: [Board 49-26] cannot add Board Part xilinx.com:zcu670ld:part0:1.0 available at A:/Xilinx/2025.1/data/xhub/boards\XilinxBoardStore\boards\Xilinx\zcu670ld\1.0\board.xml as part xczu57dr-fsve1156-2-i specified in board_part file is either invalid or not available
INFO: [filemgmt 56-3] Default IP Output Path : Could not find the directory 'A:/Documents/RISC-V_CPU_2/Lab10/Lab10.gen/sources_1'.
Scanning sources...
Finished scanning sources
WARNING: [Board 49-26] cannot add Board Part xilinx.com:emb-plus-vpr-4616:part0:1.0 available at A:/Xilinx/2025.1/data/xhub/boards\XilinxBoardStore\boards\Xilinx\emb-plus-vpr-4616\1.0\board.xml as part xcve2302-sfva784-2mp-e-s specified in board_part file is either invalid or not available
WARNING: [Board 49-26] cannot add Board Part xilinx.com:emb-plus-vpr-4616:part0:1.1 available at A:/Xilinx/2025.1/data/xhub/boards\XilinxBoardStore\boards\Xilinx\emb-plus-vpr-4616\1.1\board.xml as part xcve2302-sfva784-2mp-e-s specified in board_part file is either invalid or not available
WARNING: [Board 49-26] cannot add Board Part xilinx.com:k24c:part0:1.0 available at A:/Xilinx/2025.1/data/xhub/boards\XilinxBoardStore\boards\Xilinx\k24c\1.0\board.xml as part xck24-ubva530-2lv-c specified in board_part file is either invalid or not available
WARNING: [Board 49-26] cannot add Board Part xilinx.com:k24c:part0:1.1 available at A:/Xilinx/2025.1/data/xhub/boards\XilinxBoardStore\boards\Xilinx\k24c\1.1\board.xml as part xck24-ubva530-2lv-c specified in board_part file is either invalid or not available
WARNING: [Board 49-26] cannot add Board Part xilinx.com:k24i:part0:1.0 available at A:/Xilinx/2025.1/data/xhub/boards\XilinxBoardStore\boards\Xilinx\k24i\1.0\board.xml as part xck24-ubva530-2lvi-i specified in board_part file is either invalid or not available
WARNING: [Board 49-26] cannot add Board Part xilinx.com:k26c:part0:1.2 available at A:/Xilinx/2025.1/data/xhub/boards\XilinxBoardStore\boards\Xilinx\k26c\1.2\board.xml as part xck26-sfvc784-2lv-c specified in board_part file is either invalid or not available
WARNING: [Board 49-26] cannot add Board Part xilinx.com:k26c:part0:1.3 available at A:/Xilinx/2025.1/data/xhub/boards\XilinxBoardStore\boards\Xilinx\k26c\1.3\board.xml as part xck26-sfvc784-2lv-c specified in board_part file is either invalid or not available
WARNING: [Board 49-26] cannot add Board Part xilinx.com:k26c:part0:1.4 available at A:/Xilinx/2025.1/data/xhub/boards\XilinxBoardStore\boards\Xilinx\k26c\1.4\board.xml as part xck26-sfvc784-2lv-c specified in board_part file is either invalid or not available
WARNING: [Board 49-26] cannot add Board Part xilinx.com:k26i:part0:1.2 available at A:/Xilinx/2025.1/data/xhub/boards\XilinxBoardStore\boards\Xilinx\k26i\1.2\board.xml as part xck26-sfvc784-2lvi-i specified in board_part file is either invalid or not available
WARNING: [Board 49-26] cannot add Board Part xilinx.com:k26i:part0:1.3 available at A:/Xilinx/2025.1/data/xhub/boards\XilinxBoardStore\boards\Xilinx\k26i\1.3\board.xml as part xck26-sfvc784-2lvi-i specified in board_part file is either invalid or not available
WARNING: [Board 49-26] cannot add Board Part xilinx.com:k26i:part0:1.4 available at A:/Xilinx/2025.1/data/xhub/boards\XilinxBoardStore\boards\Xilinx\k26i\1.4\board.xml as part xck26-sfvc784-2lvi-i specified in board_part file is either invalid or not available
WARNING: [Board 49-26] cannot add Board Part xilinx.com:kcu105:part0:1.6 available at A:/Xilinx/2025.1/data/xhub/boards\XilinxBoardStore\boards\Xilinx\kcu105\1.6\board.xml as part xcku040-ffva1156-2-e specified in board_part file is either invalid or not available
WARNING: [Board 49-26] cannot add Board Part xilinx.com:kcu105:part0:1.7 available at A:/Xilinx/2025.1/data/xhub/boards\XilinxBoardStore\boards\Xilinx\kcu105\1.7\board.xml as part xcku040-ffva1156-2-e specified in board_part file is either invalid or not available
WARNING: [Board 49-26] cannot add Board Part xilinx.com:kcu116:part0:1.4 available at A:/Xilinx/2025.1/data/xhub/boards\XilinxBoardStore\boards\Xilinx\kcu116\1.4\board.xml as part xcku5p-ffvb676-2-e specified in board_part file is either invalid or not available
WARNING: [Board 49-26] cannot add Board Part xilinx.com:kcu116:part0:1.5 available at A:/Xilinx/2025.1/data/xhub/boards\XilinxBoardStore\boards\Xilinx\kcu116\1.5\board.xml as part xcku5p-ffvb676-2-e specified in board_part file is either invalid or not available
INFO: [Common 17-14] Message 'Board 49-26' appears 100 times and further instances of the messages will be disabled. Use the Tcl command set_msg_config to change the current settings.
WARNING: [Project 1-5713] Board part '' set for the project  is not found. BoardPart property will be unset. Please select board from latest repo build 
INFO: [IP_Flow 19-234] Refreshing IP repositories
INFO: [IP_Flow 19-1704] No user IP repositories specified
INFO: [IP_Flow 19-2313] Loaded Vivado IP repository 'A:/Xilinx/2025.1/Vivado/data/ip'.
update_compile_order -fileset sources_1
launch_simulation
Command: launch_simulation 
INFO: [Vivado 12-12493] Simulation top is 'lab_16_tb_coremark'
INFO: [Vivado 12-5682] Launching behavioral simulation in 'A:/Documents/RISC-V_CPU_2/Lab10/Lab10.sim/sim_1/behav/xsim'
INFO: [SIM-utils-51] Simulation object is 'sim_1'
INFO: [SIM-utils-72] Using boost library from 'A:/Xilinx/2025.1/Vivado/tps/boost_1_72_0'
INFO: [SIM-utils-54] Inspecting design source files for 'lab_16_tb_coremark' in fileset 'sim_1'...
INFO: [SIM-utils-43] Exported 'A:/Documents/RISC-V_CPU_2/Lab10/Lab10.sim/sim_1/behav/xsim/lab_13_sw_led_instr.mem'
INFO: [SIM-utils-43] Exported 'A:/Documents/RISC-V_CPU_2/Lab10/Lab10.sim/sim_1/behav/xsim/program.mem'
INFO: [SIM-utils-43] Exported 'A:/Documents/RISC-V_CPU_2/Lab10/Lab10.sim/sim_1/behav/xsim/lab_15_instr.mem'
INFO: [SIM-utils-43] Exported 'A:/Documents/RISC-V_CPU_2/Lab10/Lab10.sim/sim_1/behav/xsim/lab_15_char.mem'
INFO: [SIM-utils-43] Exported 'A:/Documents/RISC-V_CPU_2/Lab10/Lab10.sim/sim_1/behav/xsim/lab_15_data.mem'
INFO: [SIM-utils-43] Exported 'A:/Documents/RISC-V_CPU_2/Lab10/Lab10.sim/sim_1/behav/xsim/coremark_data.mem'
INFO: [SIM-utils-43] Exported 'A:/Documents/RISC-V_CPU_2/Lab10/Lab10.sim/sim_1/behav/xsim/coremark_instr.mem'
INFO: [USF-XSim-97] Finding global include files...
INFO: [USF-XSim-98] Fetching design files from 'sim_1'...
INFO: [USF-XSim-2] XSim::Compile design
INFO: [USF-XSim-61] Executing 'COMPILE and ANALYZE' step in 'A:/Documents/RISC-V_CPU_2/Lab10/Lab10.sim/sim_1/behav/xsim'
"xvlog --incr --relax -L uvm -prj lab_16_tb_coremark_vlog.prj"
INFO: [VRFC 10-2263] Analyzing SystemVerilog file "A:/Documents/RISC-V_CPU_2/Lab10/Lab10.srcs/sources_1/imports/alu_opcodes_pkg.sv" into library xil_defaultlib
INFO: [VRFC 10-2263] Analyzing SystemVerilog file "A:/Documents/RISC-V_CPU_2/Lab10/Lab10.srcs/sources_1/imports/alu.sv" into library xil_defaultlib
INFO: [VRFC 10-311] analyzing module alu
INFO: [VRFC 10-2263] Analyzing SystemVerilog file "A:/Documents/RISC-V_CPU_2/Lab10/Lab10.srcs/sources_1/imports/memory_pkg.sv" into library xil_defaultlib
INFO: [VRFC 10-2263] Analyzing SystemVerilog file "A:/Documents/RISC-V_CPU_2/Lab10/Lab10.srcs/sources_1/imports/Downloads/bluster_pkg.sv" into library xil_defaultlib
INFO: [VRFC 10-2263] Analyzing SystemVerilog file "A:/Documents/RISC-V_CPU_2/Lab10/Lab10.srcs/sources_1/imports/sources_1/new/bluster.sv" into library xil_defaultlib
INFO: [VRFC 10-311] analyzing module bluster
INFO: [VRFC 10-2263] Analyzing SystemVerilog file "A:/Documents/RISC-V_CPU_2/Lab10/Lab10.srcs/sources_1/imports/csr_pkg.sv" into library xil_defaultlib
INFO: [VRFC 10-2263] Analyzing SystemVerilog file "A:/Documents/RISC-V_CPU_2/Lab10/Lab10.srcs/sources_1/imports/csr_controller.sv" into library xil_defaultlib
INFO: [VRFC 10-311] analyzing module csr_controller
INFO: [VRFC 10-2263] Analyzing SystemVerilog file "A:/Documents/RISC-V_CPU_2/Lab10/Lab10.srcs/sources_1/imports/daisy_chain.sv" into library xil_defaultlib
INFO: [VRFC 10-311] analyzing module daisy_chain
INFO: [VRFC 10-2263] Analyzing SystemVerilog file "A:/Documents/RISC-V_CPU_2/Lab10/Lab10.srcs/sources_1/imports/data_mem.sv" into library xil_defaultlib
INFO: [VRFC 10-311] analyzing module data_mem
INFO: [VRFC 10-2263] Analyzing SystemVerilog file "A:/Documents/RISC-V_CPU_2/Lab10/Lab10.srcs/sources_1/imports/decoder_pkg.sv" into library xil_defaultlib
INFO: [VRFC 10-2263] Analyzing SystemVerilog file "A:/Documents/RISC-V_CPU_2/Lab10/Lab10.srcs/sources_1/imports/decoder.sv" into library xil_defaultlib
INFO: [VRFC 10-311] analyzing module decoder
INFO: [VRFC 10-2263] Analyzing SystemVerilog file "A:/Documents/RISC-V_CPU_2/Lab10/Lab10.srcs/sources_1/imports/fulladder.sv" into library xil_defaultlib
INFO: [VRFC 10-311] analyzing module fulladder
INFO: [VRFC 10-2263] Analyzing SystemVerilog file "A:/Documents/RISC-V_CPU_2/Lab10/Lab10.srcs/sources_1/imports/fulladder32.sv" into library xil_defaultlib
INFO: [VRFC 10-311] analyzing module fulladder32
INFO: [VRFC 10-2263] Analyzing SystemVerilog file "A:/Documents/RISC-V_CPU_2/Lab10/Lab10.srcs/sources_1/imports/fulladder4.sv" into library xil_defaultlib
INFO: [VRFC 10-311] analyzing module fulladder4
INFO: [VRFC 10-2263] Analyzing SystemVerilog file "A:/Documents/RISC-V_CPU_2/Lab10/Lab10.srcs/sources_1/imports/interrupt_controller.sv" into library xil_defaultlib
INFO: [VRFC 10-311] analyzing module interrupt_controller
INFO: [VRFC 10-2263] Analyzing SystemVerilog file "A:/Documents/RISC-V_CPU_2/Lab10/Lab10.srcs/sources_1/imports/led_sb_ctrl.sv" into library xil_defaultlib
INFO: [VRFC 10-311] analyzing module led_sb_ctrl
INFO: [VRFC 10-2263] Analyzing SystemVerilog file "A:/Documents/RISC-V_CPU_2/Lab10/Lab10.srcs/sources_1/imports/lsu.sv" into library xil_defaultlib
INFO: [VRFC 10-311] analyzing module lsu
INFO: [VRFC 10-2263] Analyzing SystemVerilog file "A:/Documents/RISC-V_CPU_2/Lab10/Lab10.srcs/sources_1/imports/processor_core.sv" into library xil_defaultlib
INFO: [VRFC 10-311] analyzing module processor_core
INFO: [VRFC 10-2263] Analyzing SystemVerilog file "A:/Documents/RISC-V_CPU_2/Lab10/Lab10.srcs/sources_1/imports/processor_system.sv" into library xil_defaultlib
INFO: [VRFC 10-311] analyzing module processor_system
INFO: [VRFC 10-2263] Analyzing SystemVerilog file "A:/Documents/RISC-V_CPU_2/Lab10/Lab10.srcs/sources_1/imports/register_file.sv" into library xil_defaultlib
INFO: [VRFC 10-311] analyzing module register_file
INFO: [VRFC 10-2263] Analyzing SystemVerilog file "A:/Documents/RISC-V_CPU_2/Lab10/Lab10.srcs/sources_1/imports/new/rw_instr_mem.sv" into library xil_defaultlib
INFO: [VRFC 10-311] analyzing module rw_instr_mem
INFO: [VRFC 10-2263] Analyzing SystemVerilog file "A:/Documents/RISC-V_CPU_2/Lab10/Lab10.srcs/sources_1/imports/sw_sb_ctrl.sv" into library xil_defaultlib
WARNING: [VRFC 10-2502] extra semicolon in $unit (global) scope [A:/Documents/RISC-V_CPU_2/Lab10/Lab10.srcs/sources_1/imports/sw_sb_ctrl.sv:1]
INFO: [VRFC 10-311] analyzing module sw_sb_ctrl
INFO: [VRFC 10-2263] Analyzing SystemVerilog file "A:/Documents/RISC-V_CPU_2/Lab10/Lab10.srcs/sources_1/imports/sys_clk_rst_gen.sv" into library xil_defaultlib
INFO: [VRFC 10-311] analyzing module sys_clk_rst_gen
INFO: [VRFC 10-2263] Analyzing SystemVerilog file "A:/Documents/RISC-V_CPU_2/Lab10/Lab10.srcs/sources_1/imports/Documents/RISC-V_CPU/RISC-V_CPU.srcs/sources_1/new/timer_sb_ctrl.sv" into library xil_defaultlib
INFO: [VRFC 10-311] analyzing module timer_sb_ctrl
INFO: [VRFC 10-2263] Analyzing SystemVerilog file "A:/Documents/RISC-V_CPU_2/Lab10/Lab10.srcs/sources_1/imports/sources_1/imports/Downloads/uart_rx.sv" into library xil_defaultlib
INFO: [VRFC 10-311] analyzing module uart_rx
INFO: [VRFC 10-2263] Analyzing SystemVerilog file "A:/Documents/RISC-V_CPU_2/Lab10/Lab10.srcs/sources_1/imports/sources_1/imports/Downloads/uart_tx.sv" into library xil_defaultlib
INFO: [VRFC 10-311] analyzing module uart_tx
INFO: [VRFC 10-2263] Analyzing SystemVerilog file "A:/Documents/RISC-V_CPU_2/Lab10/Lab10.srcs/sources_1/imports/Downloads/uart_tx_sb_ctrl.sv" into library xil_defaultlib
INFO: [VRFC 10-311] analyzing module uart_tx_sb_ctrl
INFO: [VRFC 10-2263] Analyzing SystemVerilog file "A:/Documents/RISC-V_CPU_2/Lab10/Lab10.srcs/sources_1/imports/Downloads/lab_16.tb_coremark.sv" into library xil_defaultlib
INFO: [VRFC 10-311] analyzing module lab_16_tb_coremark
WARNING: [VRFC 10-3824] variable 'str' must explicitly be declared as automatic or static [A:/Documents/RISC-V_CPU_2/Lab10/Lab10.srcs/sources_1/imports/Downloads/lab_16.tb_coremark.sv:140]
INFO: [USF-XSim-69] 'compile' step finished in '1' seconds
INFO: [USF-XSim-3] XSim::Elaborate design
INFO: [USF-XSim-61] Executing 'ELABORATE' step in 'A:/Documents/RISC-V_CPU_2/Lab10/Lab10.sim/sim_1/behav/xsim'
"xelab --incr --debug typical --relax --mt 2 -L xil_defaultlib -L uvm -L unisims_ver -L unimacro_ver -L secureip --snapshot lab_16_tb_coremark_behav xil_defaultlib.lab_16_tb_coremark xil_defaultlib.glbl -log elaborate.log"
Vivado Simulator v2025.1.0
Copyright 1986-2022 Xilinx, Inc. All Rights Reserved.
Copyright 2022-2025 Advanced Micro Devices, Inc. All Rights Reserved.
Running: A:/Xilinx/2025.1/Vivado/bin/unwrapped/win64.o/xelab.exe --incr --debug typical --relax --mt 2 -L xil_defaultlib -L uvm -L unisims_ver -L unimacro_ver -L secureip --snapshot lab_16_tb_coremark_behav xil_defaultlib.lab_16_tb_coremark xil_defaultlib.glbl -log elaborate.log 
Using 2 slave threads.
Starting static elaboration
Pass Through NonSizing Optimizer
WARNING: [VRFC 10-3091] actual bit length 32 differs from formal bit length 4 for port 'div_i' [A:/Documents/RISC-V_CPU_2/Lab10/Lab10.srcs/sources_1/imports/processor_system.sv:34]
WARNING: [VRFC 10-3091] actual bit length 4 differs from formal bit length 3 for port 'csr_op_o' [A:/Documents/RISC-V_CPU_2/Lab10/Lab10.srcs/sources_1/imports/processor_core.sv:209]
WARNING: [VRFC 10-3091] actual bit length 32 differs from formal bit length 1 for port 'carry_i' [A:/Documents/RISC-V_CPU_2/Lab10/Lab10.srcs/sources_1/imports/alu.sv:17]
WARNING: [VRFC 10-3091] actual bit length 4 differs from formal bit length 3 for port 'opcode_i' [A:/Documents/RISC-V_CPU_2/Lab10/Lab10.srcs/sources_1/imports/processor_core.sv:240]
WARNING: [VRFC 10-3091] actual bit length 1 differs from formal bit length 32 for port 'read_data_o' [A:/Documents/RISC-V_CPU_2/Lab10/Lab10.srcs/sources_1/imports/processor_system.sv:258]
WARNING: [VRFC 10-3091] actual bit length 1 differs from formal bit length 2 for port 'stopbit_i' [A:/Documents/RISC-V_CPU_2/Lab10/Lab10.srcs/sources_1/imports/Downloads/lab_16.tb_coremark.sv:76]
WARNING: [VRFC 10-3091] actual bit length 1 differs from formal bit length 2 for port 'stopbit_i' [A:/Documents/RISC-V_CPU_2/Lab10/Lab10.srcs/sources_1/imports/Downloads/lab_16.tb_coremark.sv:88]
WARNING: [VRFC 10-5021] port 'sw_i' is not connected on this instance [A:/Documents/RISC-V_CPU_2/Lab10/Lab10.srcs/sources_1/imports/Downloads/lab_16.tb_coremark.sv:62]
WARNING: [VRFC 10-3823] variable 'lsu_mem_ready' might have multiple concurrent drivers [A:/Documents/RISC-V_CPU_2/Lab10/Lab10.srcs/sources_1/imports/processor_system.sv:270]
Completed static elaboration
Starting simulation data flow analysis
WARNING: [XSIM 43-4099] "A:/Documents/RISC-V_CPU_2/Lab10/Lab10.srcs/sources_1/imports/alu_opcodes_pkg.sv" Line 11. Module alu_opcodes_pkg doesn't have a timescale but at least one module in design has a timescale.
WARNING: [XSIM 43-4099] "A:/Documents/RISC-V_CPU_2/Lab10/Lab10.srcs/sources_1/imports/alu_opcodes_pkg.sv" Line 11. Module alu_opcodes_pkg doesn't have a timescale but at least one module in design has a timescale.
Completed simulation data flow analysis
Time Resolution for simulation is 1ps
Compiling package xil_defaultlib.memory_pkg
Compiling package xil_defaultlib.bluster_pkg
Compiling package xil_defaultlib.decoder_pkg
Compiling package xil_defaultlib.alu_opcodes_pkg
Compiling package xil_defaultlib.csr_pkg
Compiling module unisims_ver.BUFG
Compiling module xil_defaultlib.sys_clk_rst_gen
Compiling module xil_defaultlib.rw_instr_mem
Compiling module xil_defaultlib.uart_rx
Compiling module xil_defaultlib.uart_tx
Compiling module xil_defaultlib.bluster
Compiling module xil_defaultlib.data_mem
Compiling module xil_defaultlib.lsu
Compiling module xil_defaultlib.decoder
Compiling module xil_defaultlib.register_file
Compiling module xil_defaultlib.fulladder
Compiling module xil_defaultlib.fulladder4
Compiling module xil_defaultlib.fulladder32
Compiling module xil_defaultlib.alu
Compiling module xil_defaultlib.csr_controller
Compiling module xil_defaultlib.daisy_chain
Compiling module xil_defaultlib.interrupt_controller
Compiling module xil_defaultlib.processor_core
Compiling module xil_defaultlib.sw_sb_ctrl
Compiling module xil_defaultlib.led_sb_ctrl
Compiling module xil_defaultlib.uart_tx_sb_ctrl
Compiling module xil_defaultlib.timer_sb_ctrl
Compiling module xil_defaultlib.processor_system
Compiling module xil_defaultlib.lab_16_tb_coremark
Compiling module xil_defaultlib.glbl
Built simulation snapshot lab_16_tb_coremark_behav
INFO: [USF-XSim-69] 'elaborate' step finished in '3' seconds
INFO: [USF-XSim-4] XSim::Simulate design
INFO: [USF-XSim-61] Executing 'SIMULATE' step in 'A:/Documents/RISC-V_CPU_2/Lab10/Lab10.sim/sim_1/behav/xsim'
INFO: [USF-XSim-98] *** Running xsim
   with args "lab_16_tb_coremark_behav -key {Behavioral:sim_1:Functional:lab_16_tb_coremark} -tclbatch {lab_16_tb_coremark.tcl} -log {simulate.log}"
INFO: [USF-XSim-8] Loading simulator feature
Time resolution is 1 ps
source lab_16_tb_coremark.tcl
# set curr_wave [current_wave_config]
# if { [string length $curr_wave] == 0 } {
#   if { [llength [get_objects]] > 0} {
#     add_wave /
#     set_property needs_save false [current_wave_config]
#   } else {
#      send_msg_id Add_Wave-1 WARNING "No top level signals found. Simulator will start without a wave window. If you want to open a wave window go to 'File->New Waveform Configuration' or type 'create_wave_config' in the TCL console."
#   }
# }
# run 1000ns
INFO: [USF-XSim-96] XSim completed. Design snapshot 'lab_16_tb_coremark_behav' loaded.
INFO: [USF-XSim-97] XSim simulation ran for 1000ns
launch_simulation: Time (s): cpu = 00:00:04 ; elapsed = 00:00:07 . Memory (MB): peak = 1657.004 ; gain = 16.125
run all
$finish called at time : 500 ms : File "A:/Documents/RISC-V_CPU_2/Lab10/Lab10.srcs/sources_1/imports/Downloads/lab_16.tb_coremark.sv" Line 61
run: Time (s): cpu = 00:00:41 ; elapsed = 00:00:37 . Memory (MB): peak = 1657.004 ; gain = 0.000
close_sim
INFO: xsimkernel Simulation Memory Usage: 20680 KB (Peak: 20680 KB), Simulation CPU Usage: 15968 ms
INFO: [Simtcl 6-16] Simulation closed
WARNING: [filemgmt 56-199] Attempt to get parsing info during refresh. "On-the-fly" syntax checking information may be incorrect. [A:\Documents\RISC-V_CPU_2\Lab10\Lab10.srcs\sources_1\imports\Downloads\lab_16.tb_coremark.sv:]
WARNING: [filemgmt 56-199] Attempt to get parsing info during refresh. "On-the-fly" syntax checking information may be incorrect. [A:\Documents\RISC-V_CPU_2\Lab10\Lab10.srcs\sources_1\imports\instr_mem.sv:]
WARNING: [filemgmt 56-199] Attempt to get parsing info during refresh. "On-the-fly" syntax checking information may be incorrect. [A:\Documents\RISC-V_CPU_2\Lab10\Lab10.srcs\sources_1\imports\processor_system.sv:]
WARNING: [filemgmt 56-199] Attempt to get parsing info during refresh. "On-the-fly" syntax checking information may be incorrect. [A:\Documents\RISC-V_CPU_2\Lab10\Lab10.srcs\sources_1\imports\Downloads\lab_16.tb_coremark.sv:]
WARNING: [filemgmt 56-199] Attempt to get parsing info during refresh. "On-the-fly" syntax checking information may be incorrect. [A:\Documents\RISC-V_CPU_2\Lab10\Lab10.srcs\sources_1\imports\Downloads\lab_16.tb_coremark.sv:]
WARNING: [filemgmt 56-199] Attempt to get parsing info during refresh. "On-the-fly" syntax checking information may be incorrect. [A:\Documents\RISC-V_CPU_2\Lab10\Lab10.srcs\sources_1\imports\Downloads\lab_16.tb_coremark.sv:]
WARNING: [filemgmt 56-199] Attempt to get parsing info during refresh. "On-the-fly" syntax checking information may be incorrect. [A:\Documents\RISC-V_CPU_2\Lab10\Lab10.srcs\sources_1\imports\instr_mem.sv:]
WARNING: [filemgmt 56-199] Attempt to get parsing info during refresh. "On-the-fly" syntax checking information may be incorrect. [A:\Documents\RISC-V_CPU_2\Lab10\Lab10.srcs\sources_1\imports\processor_system.sv:]
WARNING: [filemgmt 56-199] Attempt to get parsing info during refresh. "On-the-fly" syntax checking information may be incorrect. [A:\Documents\RISC-V_CPU_2\Lab10\Lab10.srcs\sources_1\imports\processor_system.sv:]
WARNING: [filemgmt 56-199] Attempt to get parsing info during refresh. "On-the-fly" syntax checking information may be incorrect. [A:\Documents\RISC-V_CPU_2\Lab10\Lab10.srcs\sources_1\imports\processor_system.sv:]
ERROR: [Common 17-180] Spawn failed: Îďĺđŕöč˙ óńďĺříî çŕâĺđřĺíŕ.

WARNING: [filemgmt 56-199] Attempt to get parsing info during refresh. "On-the-fly" syntax checking information may be incorrect. [A:\Documents\RISC-V_CPU_2\Lab10\Lab10.srcs\sources_1\imports\Downloads\lab_16.tb_coremark.sv:]
WARNING: [filemgmt 56-199] Attempt to get parsing info during refresh. "On-the-fly" syntax checking information may be incorrect. [A:\Documents\RISC-V_CPU_2\Lab10\Lab10.srcs\sources_1\imports\instr_mem.sv:]
WARNING: [filemgmt 56-199] Attempt to get parsing info during refresh. "On-the-fly" syntax checking information may be incorrect. [A:\Documents\RISC-V_CPU_2\Lab10\Lab10.srcs\sources_1\imports\processor_system.sv:]
WARNING: [filemgmt 56-199] Attempt to get parsing info during refresh. "On-the-fly" syntax checking information may be incorrect. [A:\Documents\RISC-V_CPU_2\Lab10\Lab10.srcs\sources_1\imports\Downloads\lab_16.tb_coremark.sv:]
WARNING: [filemgmt 56-199] Attempt to get parsing info during refresh. "On-the-fly" syntax checking information may be incorrect. [A:\Documents\RISC-V_CPU_2\Lab10\Lab10.srcs\sources_1\imports\Downloads\lab_16.tb_coremark.sv:]
WARNING: [filemgmt 56-199] Attempt to get parsing info during refresh. "On-the-fly" syntax checking information may be incorrect. [A:\Documents\RISC-V_CPU_2\Lab10\Lab10.srcs\sources_1\imports\Downloads\lab_16.tb_coremark.sv:]
WARNING: [filemgmt 56-199] Attempt to get parsing info during refresh. "On-the-fly" syntax checking information may be incorrect. [A:\Documents\RISC-V_CPU_2\Lab10\Lab10.srcs\sources_1\imports\instr_mem.sv:]
WARNING: [filemgmt 56-199] Attempt to get parsing info during refresh. "On-the-fly" syntax checking information may be incorrect. [A:\Documents\RISC-V_CPU_2\Lab10\Lab10.srcs\sources_1\imports\processor_system.sv:]
WARNING: [filemgmt 56-199] Attempt to get parsing info during refresh. "On-the-fly" syntax checking information may be incorrect. [A:\Documents\RISC-V_CPU_2\Lab10\Lab10.srcs\sources_1\imports\instr_mem.sv:]
WARNING: [filemgmt 56-199] Attempt to get parsing info during refresh. "On-the-fly" syntax checking information may be incorrect. [A:\Documents\RISC-V_CPU_2\Lab10\Lab10.srcs\sources_1\imports\instr_mem.sv:]
update_compile_order -fileset sources_1
launch_simulation
Command: launch_simulation 
INFO: [Vivado 12-12493] Simulation top is 'lab_16_tb_coremark'
INFO: [Vivado 12-5682] Launching behavioral simulation in 'A:/Documents/RISC-V_CPU_2/Lab10/Lab10.sim/sim_1/behav/xsim'
INFO: [SIM-utils-51] Simulation object is 'sim_1'
INFO: [SIM-utils-72] Using boost library from 'A:/Xilinx/2025.1/Vivado/tps/boost_1_72_0'
INFO: [SIM-utils-54] Inspecting design source files for 'lab_16_tb_coremark' in fileset 'sim_1'...
INFO: [SIM-utils-43] Exported 'A:/Documents/RISC-V_CPU_2/Lab10/Lab10.sim/sim_1/behav/xsim/lab_13_sw_led_instr.mem'
INFO: [SIM-utils-43] Exported 'A:/Documents/RISC-V_CPU_2/Lab10/Lab10.sim/sim_1/behav/xsim/program.mem'
INFO: [SIM-utils-43] Exported 'A:/Documents/RISC-V_CPU_2/Lab10/Lab10.sim/sim_1/behav/xsim/lab_15_instr.mem'
INFO: [SIM-utils-43] Exported 'A:/Documents/RISC-V_CPU_2/Lab10/Lab10.sim/sim_1/behav/xsim/lab_15_char.mem'
INFO: [SIM-utils-43] Exported 'A:/Documents/RISC-V_CPU_2/Lab10/Lab10.sim/sim_1/behav/xsim/lab_15_data.mem'
INFO: [SIM-utils-43] Exported 'A:/Documents/RISC-V_CPU_2/Lab10/Lab10.sim/sim_1/behav/xsim/coremark_data.mem'
INFO: [SIM-utils-43] Exported 'A:/Documents/RISC-V_CPU_2/Lab10/Lab10.sim/sim_1/behav/xsim/coremark_instr.mem'
INFO: [USF-XSim-97] Finding global include files...
INFO: [USF-XSim-98] Fetching design files from 'sim_1'...
INFO: [USF-XSim-2] XSim::Compile design
INFO: [USF-XSim-61] Executing 'COMPILE and ANALYZE' step in 'A:/Documents/RISC-V_CPU_2/Lab10/Lab10.sim/sim_1/behav/xsim'
"xvlog --incr --relax -L uvm -prj lab_16_tb_coremark_vlog.prj"
INFO: [VRFC 10-2263] Analyzing SystemVerilog file "A:/Documents/RISC-V_CPU_2/Lab10/Lab10.srcs/sources_1/imports/alu_opcodes_pkg.sv" into library xil_defaultlib
INFO: [VRFC 10-2263] Analyzing SystemVerilog file "A:/Documents/RISC-V_CPU_2/Lab10/Lab10.srcs/sources_1/imports/alu.sv" into library xil_defaultlib
INFO: [VRFC 10-311] analyzing module alu
INFO: [VRFC 10-2263] Analyzing SystemVerilog file "A:/Documents/RISC-V_CPU_2/Lab10/Lab10.srcs/sources_1/imports/memory_pkg.sv" into library xil_defaultlib
INFO: [VRFC 10-2263] Analyzing SystemVerilog file "A:/Documents/RISC-V_CPU_2/Lab10/Lab10.srcs/sources_1/imports/Downloads/bluster_pkg.sv" into library xil_defaultlib
INFO: [VRFC 10-2263] Analyzing SystemVerilog file "A:/Documents/RISC-V_CPU_2/Lab10/Lab10.srcs/sources_1/imports/sources_1/new/bluster.sv" into library xil_defaultlib
INFO: [VRFC 10-311] analyzing module bluster
INFO: [VRFC 10-2263] Analyzing SystemVerilog file "A:/Documents/RISC-V_CPU_2/Lab10/Lab10.srcs/sources_1/imports/csr_pkg.sv" into library xil_defaultlib
INFO: [VRFC 10-2263] Analyzing SystemVerilog file "A:/Documents/RISC-V_CPU_2/Lab10/Lab10.srcs/sources_1/imports/csr_controller.sv" into library xil_defaultlib
INFO: [VRFC 10-311] analyzing module csr_controller
INFO: [VRFC 10-2263] Analyzing SystemVerilog file "A:/Documents/RISC-V_CPU_2/Lab10/Lab10.srcs/sources_1/imports/daisy_chain.sv" into library xil_defaultlib
INFO: [VRFC 10-311] analyzing module daisy_chain
INFO: [VRFC 10-2263] Analyzing SystemVerilog file "A:/Documents/RISC-V_CPU_2/Lab10/Lab10.srcs/sources_1/imports/data_mem.sv" into library xil_defaultlib
INFO: [VRFC 10-311] analyzing module data_mem
INFO: [VRFC 10-2263] Analyzing SystemVerilog file "A:/Documents/RISC-V_CPU_2/Lab10/Lab10.srcs/sources_1/imports/decoder_pkg.sv" into library xil_defaultlib
INFO: [VRFC 10-2263] Analyzing SystemVerilog file "A:/Documents/RISC-V_CPU_2/Lab10/Lab10.srcs/sources_1/imports/decoder.sv" into library xil_defaultlib
INFO: [VRFC 10-311] analyzing module decoder
INFO: [VRFC 10-2263] Analyzing SystemVerilog file "A:/Documents/RISC-V_CPU_2/Lab10/Lab10.srcs/sources_1/imports/fulladder.sv" into library xil_defaultlib
INFO: [VRFC 10-311] analyzing module fulladder
INFO: [VRFC 10-2263] Analyzing SystemVerilog file "A:/Documents/RISC-V_CPU_2/Lab10/Lab10.srcs/sources_1/imports/fulladder32.sv" into library xil_defaultlib
INFO: [VRFC 10-311] analyzing module fulladder32
INFO: [VRFC 10-2263] Analyzing SystemVerilog file "A:/Documents/RISC-V_CPU_2/Lab10/Lab10.srcs/sources_1/imports/fulladder4.sv" into library xil_defaultlib
INFO: [VRFC 10-311] analyzing module fulladder4
INFO: [VRFC 10-2263] Analyzing SystemVerilog file "A:/Documents/RISC-V_CPU_2/Lab10/Lab10.srcs/sources_1/imports/instr_mem.sv" into library xil_defaultlib
INFO: [VRFC 10-311] analyzing module instr_mem
INFO: [VRFC 10-2263] Analyzing SystemVerilog file "A:/Documents/RISC-V_CPU_2/Lab10/Lab10.srcs/sources_1/imports/interrupt_controller.sv" into library xil_defaultlib
INFO: [VRFC 10-311] analyzing module interrupt_controller
INFO: [VRFC 10-2263] Analyzing SystemVerilog file "A:/Documents/RISC-V_CPU_2/Lab10/Lab10.srcs/sources_1/imports/led_sb_ctrl.sv" into library xil_defaultlib
INFO: [VRFC 10-311] analyzing module led_sb_ctrl
INFO: [VRFC 10-2263] Analyzing SystemVerilog file "A:/Documents/RISC-V_CPU_2/Lab10/Lab10.srcs/sources_1/imports/lsu.sv" into library xil_defaultlib
INFO: [VRFC 10-311] analyzing module lsu
INFO: [VRFC 10-2263] Analyzing SystemVerilog file "A:/Documents/RISC-V_CPU_2/Lab10/Lab10.srcs/sources_1/imports/processor_core.sv" into library xil_defaultlib
INFO: [VRFC 10-311] analyzing module processor_core
INFO: [VRFC 10-2263] Analyzing SystemVerilog file "A:/Documents/RISC-V_CPU_2/Lab10/Lab10.srcs/sources_1/imports/processor_system.sv" into library xil_defaultlib
INFO: [VRFC 10-311] analyzing module processor_system
INFO: [VRFC 10-2263] Analyzing SystemVerilog file "A:/Documents/RISC-V_CPU_2/Lab10/Lab10.srcs/sources_1/imports/register_file.sv" into library xil_defaultlib
INFO: [VRFC 10-311] analyzing module register_file
INFO: [VRFC 10-2263] Analyzing SystemVerilog file "A:/Documents/RISC-V_CPU_2/Lab10/Lab10.srcs/sources_1/imports/sw_sb_ctrl.sv" into library xil_defaultlib
WARNING: [VRFC 10-2502] extra semicolon in $unit (global) scope [A:/Documents/RISC-V_CPU_2/Lab10/Lab10.srcs/sources_1/imports/sw_sb_ctrl.sv:1]
INFO: [VRFC 10-311] analyzing module sw_sb_ctrl
INFO: [VRFC 10-2263] Analyzing SystemVerilog file "A:/Documents/RISC-V_CPU_2/Lab10/Lab10.srcs/sources_1/imports/sys_clk_rst_gen.sv" into library xil_defaultlib
INFO: [VRFC 10-311] analyzing module sys_clk_rst_gen
INFO: [VRFC 10-2263] Analyzing SystemVerilog file "A:/Documents/RISC-V_CPU_2/Lab10/Lab10.srcs/sources_1/imports/Documents/RISC-V_CPU/RISC-V_CPU.srcs/sources_1/new/timer_sb_ctrl.sv" into library xil_defaultlib
INFO: [VRFC 10-311] analyzing module timer_sb_ctrl
INFO: [VRFC 10-2263] Analyzing SystemVerilog file "A:/Documents/RISC-V_CPU_2/Lab10/Lab10.srcs/sources_1/imports/sources_1/imports/Downloads/uart_rx.sv" into library xil_defaultlib
INFO: [VRFC 10-311] analyzing module uart_rx
INFO: [VRFC 10-2263] Analyzing SystemVerilog file "A:/Documents/RISC-V_CPU_2/Lab10/Lab10.srcs/sources_1/imports/sources_1/imports/Downloads/uart_tx.sv" into library xil_defaultlib
INFO: [VRFC 10-311] analyzing module uart_tx
INFO: [VRFC 10-2263] Analyzing SystemVerilog file "A:/Documents/RISC-V_CPU_2/Lab10/Lab10.srcs/sources_1/imports/Downloads/uart_tx_sb_ctrl.sv" into library xil_defaultlib
INFO: [VRFC 10-311] analyzing module uart_tx_sb_ctrl
INFO: [VRFC 10-2263] Analyzing SystemVerilog file "A:/Documents/RISC-V_CPU_2/Lab10/Lab10.srcs/sources_1/imports/Downloads/lab_16.tb_coremark.sv" into library xil_defaultlib
INFO: [VRFC 10-311] analyzing module lab_16_tb_coremark
WARNING: [VRFC 10-3824] variable 'str' must explicitly be declared as automatic or static [A:/Documents/RISC-V_CPU_2/Lab10/Lab10.srcs/sources_1/imports/Downloads/lab_16.tb_coremark.sv:140]
INFO: [USF-XSim-69] 'compile' step finished in '1' seconds
INFO: [USF-XSim-3] XSim::Elaborate design
INFO: [USF-XSim-61] Executing 'ELABORATE' step in 'A:/Documents/RISC-V_CPU_2/Lab10/Lab10.sim/sim_1/behav/xsim'
"xelab --incr --debug typical --relax --mt 2 -L xil_defaultlib -L uvm -L unisims_ver -L unimacro_ver -L secureip --snapshot lab_16_tb_coremark_behav xil_defaultlib.lab_16_tb_coremark xil_defaultlib.glbl -log elaborate.log"
Vivado Simulator v2025.1.0
Copyright 1986-2022 Xilinx, Inc. All Rights Reserved.
Copyright 2022-2025 Advanced Micro Devices, Inc. All Rights Reserved.
Running: A:/Xilinx/2025.1/Vivado/bin/unwrapped/win64.o/xelab.exe --incr --debug typical --relax --mt 2 -L xil_defaultlib -L uvm -L unisims_ver -L unimacro_ver -L secureip --snapshot lab_16_tb_coremark_behav xil_defaultlib.lab_16_tb_coremark xil_defaultlib.glbl -log elaborate.log 
Using 2 slave threads.
Starting static elaboration
Pass Through NonSizing Optimizer
WARNING: [VRFC 10-3091] actual bit length 32 differs from formal bit length 4 for port 'div_i' [A:/Documents/RISC-V_CPU_2/Lab10/Lab10.srcs/sources_1/imports/processor_system.sv:34]
WARNING: [VRFC 10-3091] actual bit length 4 differs from formal bit length 3 for port 'csr_op_o' [A:/Documents/RISC-V_CPU_2/Lab10/Lab10.srcs/sources_1/imports/processor_core.sv:209]
WARNING: [VRFC 10-3091] actual bit length 32 differs from formal bit length 1 for port 'carry_i' [A:/Documents/RISC-V_CPU_2/Lab10/Lab10.srcs/sources_1/imports/alu.sv:17]
WARNING: [VRFC 10-3091] actual bit length 4 differs from formal bit length 3 for port 'opcode_i' [A:/Documents/RISC-V_CPU_2/Lab10/Lab10.srcs/sources_1/imports/processor_core.sv:240]
WARNING: [VRFC 10-3091] actual bit length 1 differs from formal bit length 32 for port 'read_data_o' [A:/Documents/RISC-V_CPU_2/Lab10/Lab10.srcs/sources_1/imports/processor_system.sv:258]
WARNING: [VRFC 10-3091] actual bit length 1 differs from formal bit length 2 for port 'stopbit_i' [A:/Documents/RISC-V_CPU_2/Lab10/Lab10.srcs/sources_1/imports/Downloads/lab_16.tb_coremark.sv:76]
WARNING: [VRFC 10-3091] actual bit length 1 differs from formal bit length 2 for port 'stopbit_i' [A:/Documents/RISC-V_CPU_2/Lab10/Lab10.srcs/sources_1/imports/Downloads/lab_16.tb_coremark.sv:88]
WARNING: [VRFC 10-5021] port 'sw_i' is not connected on this instance [A:/Documents/RISC-V_CPU_2/Lab10/Lab10.srcs/sources_1/imports/Downloads/lab_16.tb_coremark.sv:62]
WARNING: [VRFC 10-3823] variable 'lsu_mem_ready' might have multiple concurrent drivers [A:/Documents/RISC-V_CPU_2/Lab10/Lab10.srcs/sources_1/imports/processor_system.sv:270]
Completed static elaboration
Starting simulation data flow analysis
WARNING: [XSIM 43-4099] "A:/Documents/RISC-V_CPU_2/Lab10/Lab10.srcs/sources_1/imports/alu_opcodes_pkg.sv" Line 11. Module alu_opcodes_pkg doesn't have a timescale but at least one module in design has a timescale.
WARNING: [XSIM 43-4099] "A:/Documents/RISC-V_CPU_2/Lab10/Lab10.srcs/sources_1/imports/alu_opcodes_pkg.sv" Line 11. Module alu_opcodes_pkg doesn't have a timescale but at least one module in design has a timescale.
Completed simulation data flow analysis
Time Resolution for simulation is 1ps
Compiling package xil_defaultlib.memory_pkg
Compiling package xil_defaultlib.bluster_pkg
Compiling package xil_defaultlib.decoder_pkg
Compiling package xil_defaultlib.alu_opcodes_pkg
Compiling package xil_defaultlib.csr_pkg
Compiling module unisims_ver.BUFG
Compiling module xil_defaultlib.sys_clk_rst_gen
Compiling module xil_defaultlib.instr_mem
Compiling module xil_defaultlib.uart_rx
Compiling module xil_defaultlib.uart_tx
Compiling module xil_defaultlib.bluster
Compiling module xil_defaultlib.data_mem
Compiling module xil_defaultlib.lsu
Compiling module xil_defaultlib.decoder
Compiling module xil_defaultlib.register_file
Compiling module xil_defaultlib.fulladder
Compiling module xil_defaultlib.fulladder4
Compiling module xil_defaultlib.fulladder32
Compiling module xil_defaultlib.alu
Compiling module xil_defaultlib.csr_controller
Compiling module xil_defaultlib.daisy_chain
Compiling module xil_defaultlib.interrupt_controller
Compiling module xil_defaultlib.processor_core
Compiling module xil_defaultlib.sw_sb_ctrl
Compiling module xil_defaultlib.led_sb_ctrl
Compiling module xil_defaultlib.uart_tx_sb_ctrl
Compiling module xil_defaultlib.timer_sb_ctrl
Compiling module xil_defaultlib.processor_system
Compiling module xil_defaultlib.lab_16_tb_coremark
Compiling module xil_defaultlib.glbl
Built simulation snapshot lab_16_tb_coremark_behav
INFO: [USF-XSim-69] 'elaborate' step finished in '3' seconds
INFO: [USF-XSim-4] XSim::Simulate design
INFO: [USF-XSim-61] Executing 'SIMULATE' step in 'A:/Documents/RISC-V_CPU_2/Lab10/Lab10.sim/sim_1/behav/xsim'
INFO: [USF-XSim-98] *** Running xsim
   with args "lab_16_tb_coremark_behav -key {Behavioral:sim_1:Functional:lab_16_tb_coremark} -tclbatch {lab_16_tb_coremark.tcl} -log {simulate.log}"
INFO: [USF-XSim-8] Loading simulator feature
Time resolution is 1 ps
source lab_16_tb_coremark.tcl
# set curr_wave [current_wave_config]
# if { [string length $curr_wave] == 0 } {
#   if { [llength [get_objects]] > 0} {
#     add_wave /
#     set_property needs_save false [current_wave_config]
#   } else {
#      send_msg_id Add_Wave-1 WARNING "No top level signals found. Simulator will start without a wave window. If you want to open a wave window go to 'File->New Waveform Configuration' or type 'create_wave_config' in the TCL console."
#   }
# }
# run 1000ns
INFO: [USF-XSim-96] XSim completed. Design snapshot 'lab_16_tb_coremark_behav' loaded.
INFO: [USF-XSim-97] XSim simulation ran for 1000ns
launch_simulation: Time (s): cpu = 00:00:03 ; elapsed = 00:00:06 . Memory (MB): peak = 1687.656 ; gain = 0.000
run all
$finish called at time : 500 ms : File "A:/Documents/RISC-V_CPU_2/Lab10/Lab10.srcs/sources_1/imports/Downloads/lab_16.tb_coremark.sv" Line 61
run: Time (s): cpu = 00:00:39 ; elapsed = 00:00:38 . Memory (MB): peak = 1687.656 ; gain = 0.000
close_sim
INFO: xsimkernel Simulation Memory Usage: 20652 KB (Peak: 20652 KB), Simulation CPU Usage: 14609 ms
INFO: [Simtcl 6-16] Simulation closed
WARNING: [filemgmt 56-199] Attempt to get parsing info during refresh. "On-the-fly" syntax checking information may be incorrect. [A:\Documents\RISC-V_CPU_2\Lab10\Lab10.srcs\sources_1\imports\Downloads\lab_16.tb_coremark.sv:]
WARNING: [filemgmt 56-199] Attempt to get parsing info during refresh. "On-the-fly" syntax checking information may be incorrect. [A:\Documents\RISC-V_CPU_2\Lab10\Lab10.srcs\sources_1\imports\instr_mem.sv:]
WARNING: [filemgmt 56-199] Attempt to get parsing info during refresh. "On-the-fly" syntax checking information may be incorrect. [A:\Documents\RISC-V_CPU_2\Lab10\Lab10.srcs\sources_1\imports\processor_system.sv:]
WARNING: [filemgmt 56-199] Attempt to get parsing info during refresh. "On-the-fly" syntax checking information may be incorrect. [A:\Documents\RISC-V_CPU_2\Lab10\Lab10.srcs\sources_1\imports\instr_mem.sv:]
WARNING: [filemgmt 56-199] Attempt to get parsing info during refresh. "On-the-fly" syntax checking information may be incorrect. [A:\Documents\RISC-V_CPU_2\Lab10\Lab10.srcs\sources_1\imports\instr_mem.sv:]
WARNING: [filemgmt 56-199] Attempt to get parsing info during refresh. "On-the-fly" syntax checking information may be incorrect. [A:\Documents\RISC-V_CPU_2\Lab10\Lab10.srcs\sources_1\imports\Downloads\lab_16.tb_coremark.sv:]
WARNING: [filemgmt 56-199] Attempt to get parsing info during refresh. "On-the-fly" syntax checking information may be incorrect. [A:\Documents\RISC-V_CPU_2\Lab10\Lab10.srcs\sources_1\imports\instr_mem.sv:]
WARNING: [filemgmt 56-199] Attempt to get parsing info during refresh. "On-the-fly" syntax checking information may be incorrect. [A:\Documents\RISC-V_CPU_2\Lab10\Lab10.srcs\sources_1\imports\processor_system.sv:]
WARNING: [filemgmt 56-199] Attempt to get parsing info during refresh. "On-the-fly" syntax checking information may be incorrect. [A:\Documents\RISC-V_CPU_2\Lab10\Lab10.srcs\sources_1\imports\processor_system.sv:]
WARNING: [filemgmt 56-199] Attempt to get parsing info during refresh. "On-the-fly" syntax checking information may be incorrect. [A:\Documents\RISC-V_CPU_2\Lab10\Lab10.srcs\sources_1\imports\processor_system.sv:]
update_compile_order -fileset sources_1
WARNING: [filemgmt 56-199] Attempt to get parsing info during refresh. "On-the-fly" syntax checking information may be incorrect. [A:\Documents\RISC-V_CPU_2\Lab10\Lab10.srcs\sources_1\imports\Downloads\lab_16.tb_coremark.sv:]
WARNING: [filemgmt 56-199] Attempt to get parsing info during refresh. "On-the-fly" syntax checking information may be incorrect. [A:\Documents\RISC-V_CPU_2\Lab10\Lab10.srcs\sources_1\imports\instr_mem.sv:]
WARNING: [filemgmt 56-199] Attempt to get parsing info during refresh. "On-the-fly" syntax checking information may be incorrect. [A:\Documents\RISC-V_CPU_2\Lab10\Lab10.srcs\sources_1\imports\processor_system.sv:]
WARNING: [filemgmt 56-199] Attempt to get parsing info during refresh. "On-the-fly" syntax checking information may be incorrect. [A:\Documents\RISC-V_CPU_2\Lab10\Lab10.srcs\sources_1\imports\Downloads\lab_16.tb_coremark.sv:]
WARNING: [filemgmt 56-199] Attempt to get parsing info during refresh. "On-the-fly" syntax checking information may be incorrect. [A:\Documents\RISC-V_CPU_2\Lab10\Lab10.srcs\sources_1\imports\Downloads\lab_16.tb_coremark.sv:]
WARNING: [filemgmt 56-199] Attempt to get parsing info during refresh. "On-the-fly" syntax checking information may be incorrect. [A:\Documents\RISC-V_CPU_2\Lab10\Lab10.srcs\sources_1\imports\Downloads\lab_16.tb_coremark.sv:]
WARNING: [filemgmt 56-199] Attempt to get parsing info during refresh. "On-the-fly" syntax checking information may be incorrect. [A:\Documents\RISC-V_CPU_2\Lab10\Lab10.srcs\sources_1\imports\instr_mem.sv:]
WARNING: [filemgmt 56-199] Attempt to get parsing info during refresh. "On-the-fly" syntax checking information may be incorrect. [A:\Documents\RISC-V_CPU_2\Lab10\Lab10.srcs\sources_1\imports\processor_system.sv:]
WARNING: [filemgmt 56-199] Attempt to get parsing info during refresh. "On-the-fly" syntax checking information may be incorrect. [A:\Documents\RISC-V_CPU_2\Lab10\Lab10.srcs\sources_1\imports\instr_mem.sv:]
WARNING: [filemgmt 56-199] Attempt to get parsing info during refresh. "On-the-fly" syntax checking information may be incorrect. [A:\Documents\RISC-V_CPU_2\Lab10\Lab10.srcs\sources_1\imports\instr_mem.sv:]
ERROR: [Common 17-180] Spawn failed: Îďĺđŕöč˙ óńďĺříî çŕâĺđřĺíŕ.

exit
INFO: [Common 17-206] Exiting Vivado at Sun Jun 14 19:12:08 2026...
